app/build/intermediates/manifest_merge_blame_file/debug/manifest-merger-blame-debug-report.txt
1<?xml version="1.0" encoding="utf-8"?>
2<manifest xmlns:android="http://schemas.android.com/apk/res/android"
3    package="com.c.belajarmatematika"
4    android:versionCode="1"
5    android:versionName="1.0" >
6
7    <uses-sdk
8        android:minSdkVersion="21"
8-->src\main\AndroidManifest.xml
9        android:targetSdkVersion="31" />
9-->src\main\AndroidManifest.xml
10
11    <uses-permission android:name="android.permission.INTERNET" />
11-->src\main\AndroidManifest.xml:5:5-67
11-->src\main\AndroidManifest.xml:5:22-64
12    <uses-permission android:name="android.permission.ACCESS_NETWORK_STATE" />
12-->[com.google.firebase:firebase-messaging:23.0.2] AndroidManifest.xml:25:5-79
12-->[com.google.firebase:firebase-messaging:23.0.2] AndroidManifest.xml:25:22-76
13    <uses-permission android:name="android.permission.WAKE_LOCK" /> <!-- Required by older versions of Google Play services to create IID tokens -->
13-->[com.google.firebase:firebase-messaging:23.0.2] AndroidManifest.xml:26:5-68
13-->[com.google.firebase:firebase-messaging:23.0.2] AndroidManifest.xml:26:22-65
14    <uses-permission android:name="com.google.android.c2dm.permission.RECEIVE" />
14-->[com.google.firebase:firebase-messaging:23.0.2] AndroidManifest.xml:28:5-82
14-->[com.google.firebase:firebase-messaging:23.0.2] AndroidManifest.xml:28:22-79
15
16    <application
16-->src\main\AndroidManifest.xml:7:5-162:19
17        android:allowBackup="true"
17-->src\main\AndroidManifest.xml:8:9-35
18        android:appComponentFactory="androidx.core.app.CoreComponentFactory"
18-->[androidx.core:core:1.7.0] AndroidManifest.xml:24:18-86
19        android:debuggable="true"
20        android:icon="@mipmap/ic_launcher"
20-->src\main\AndroidManifest.xml:9:9-43
21        android:label="@string/app_name"
21-->src\main\AndroidManifest.xml:10:9-41
22        android:roundIcon="@mipmap/ic_launcher_round"
22-->src\main\AndroidManifest.xml:11:9-54
23        android:supportsRtl="true"
23-->src\main\AndroidManifest.xml:12:9-35
24        android:testOnly="true"
25        android:theme="@style/Theme.BelajarMatematika" >
25-->src\main\AndroidManifest.xml:13:9-55
26        <activity
26-->src\main\AndroidManifest.xml:14:9-17:40
27            android:name="com.c.belajarmatematika.materiOperasi.Operasi13Activity"
27-->src\main\AndroidManifest.xml:15:13-60
28            android:exported="false"
28-->src\main\AndroidManifest.xml:17:13-37
29            android:screenOrientation="landscape" />
29-->src\main\AndroidManifest.xml:16:13-50
30        <activity
30-->src\main\AndroidManifest.xml:18:9-21:40
31            android:name="com.c.belajarmatematika.materiOperasi.Operasi12Activity"
31-->src\main\AndroidManifest.xml:19:13-60
32            android:exported="false"
32-->src\main\AndroidManifest.xml:21:13-37
33            android:screenOrientation="landscape" />
33-->src\main\AndroidManifest.xml:20:13-50
34        <activity
34-->src\main\AndroidManifest.xml:22:9-25:40
35            android:name="com.c.belajarmatematika.materiOperasi.Operasi11Activity"
35-->src\main\AndroidManifest.xml:23:13-60
36            android:exported="false"
36-->src\main\AndroidManifest.xml:25:13-37
37            android:screenOrientation="landscape" />
37-->src\main\AndroidManifest.xml:24:13-50
38        <activity
38-->src\main\AndroidManifest.xml:26:9-29:40
39            android:name="com.c.belajarmatematika.materiOperasi.Operasi10Activity"
39-->src\main\AndroidManifest.xml:27:13-60
40            android:exported="false"
40-->src\main\AndroidManifest.xml:29:13-37
41            android:screenOrientation="landscape" />
41-->src\main\AndroidManifest.xml:28:13-50
42        <activity
42-->src\main\AndroidManifest.xml:30:9-33:40
43            android:name="com.c.belajarmatematika.materiOperasi.Operasi9Activity"
43-->src\main\AndroidManifest.xml:31:13-59
44            android:exported="false"
44-->src\main\AndroidManifest.xml:33:13-37
45            android:screenOrientation="landscape" />
45-->src\main\AndroidManifest.xml:32:13-50
46        <activity
46-->src\main\AndroidManifest.xml:34:9-37:40
47            android:name="com.c.belajarmatematika.materiOperasi.Operasi8Activity"
47-->src\main\AndroidManifest.xml:35:13-59
48            android:exported="false"
48-->src\main\AndroidManifest.xml:37:13-37
49            android:screenOrientation="landscape" />
49-->src\main\AndroidManifest.xml:36:13-50
50        <activity
50-->src\main\AndroidManifest.xml:38:9-41:40
51            android:name="com.c.belajarmatematika.materiOperasi.Operasi7Activity"
51-->src\main\AndroidManifest.xml:39:13-59
52            android:exported="false"
52-->src\main\AndroidManifest.xml:41:13-37
53            android:screenOrientation="landscape" />
53-->src\main\AndroidManifest.xml:40:13-50
54        <activity
54-->src\main\AndroidManifest.xml:42:9-45:40
55            android:name="com.c.belajarmatematika.materiOperasi.Operasi6Activity"
55-->src\main\AndroidManifest.xml:43:13-59
56            android:exported="false"
56-->src\main\AndroidManifest.xml:45:13-37
57            android:screenOrientation="landscape" />
57-->src\main\AndroidManifest.xml:44:13-50
58        <activity
58-->src\main\AndroidManifest.xml:46:9-49:40
59            android:name="com.c.belajarmatematika.materiOperasi.Operasi5Activity"
59-->src\main\AndroidManifest.xml:47:13-59
60            android:exported="false"
60-->src\main\AndroidManifest.xml:49:13-37
61            android:screenOrientation="landscape" />
61-->src\main\AndroidManifest.xml:48:13-50
62        <activity
62-->src\main\AndroidManifest.xml:50:9-53:40
63            android:name="com.c.belajarmatematika.materiOperasi.Operasi4Activity"
63-->src\main\AndroidManifest.xml:51:13-59
64            android:exported="false"
64-->src\main\AndroidManifest.xml:53:13-37
65            android:screenOrientation="landscape" />
65-->src\main\AndroidManifest.xml:52:13-50
66        <activity
66-->src\main\AndroidManifest.xml:54:9-57:40
67            android:name="com.c.belajarmatematika.materiOperasi.Operasi3Activity"
67-->src\main\AndroidManifest.xml:55:13-59
68            android:exported="false"
68-->src\main\AndroidManifest.xml:57:13-37
69            android:screenOrientation="landscape" />
69-->src\main\AndroidManifest.xml:56:13-50
70        <activity
70-->src\main\AndroidManifest.xml:58:9-61:53
71            android:name="com.c.belajarmatematika.materiOperasi.Operasi2Activity"
71-->src\main\AndroidManifest.xml:59:13-59
72            android:exported="false"
72-->src\main\AndroidManifest.xml:60:13-37
73            android:screenOrientation="landscape" />
73-->src\main\AndroidManifest.xml:61:13-50
74        <activity
74-->src\main\AndroidManifest.xml:62:9-65:53
75            android:name="com.c.belajarmatematika.materiOperasi.Operasi1Activity"
75-->src\main\AndroidManifest.xml:63:13-59
76            android:exported="false"
76-->src\main\AndroidManifest.xml:64:13-37
77            android:screenOrientation="landscape" />
77-->src\main\AndroidManifest.xml:65:13-50
78        <activity
78-->src\main\AndroidManifest.xml:66:9-69:53
79            android:name="com.c.belajarmatematika.Kuis4.ResultSkalaActivity"
79-->src\main\AndroidManifest.xml:67:13-54
80            android:exported="false"
80-->src\main\AndroidManifest.xml:68:13-37
81            android:screenOrientation="landscape" />
81-->src\main\AndroidManifest.xml:69:13-50
82        <activity
82-->src\main\AndroidManifest.xml:70:9-73:53
83            android:name="com.c.belajarmatematika.Kuis4.KuisSkalaActivity"
83-->src\main\AndroidManifest.xml:71:13-52
84            android:exported="false"
84-->src\main\AndroidManifest.xml:72:13-37
85            android:screenOrientation="landscape" />
85-->src\main\AndroidManifest.xml:73:13-50
86        <activity
86-->src\main\AndroidManifest.xml:74:9-77:53
87            android:name="com.c.belajarmatematika.Kuis4.Skuis4Activity"
87-->src\main\AndroidManifest.xml:75:13-49
88            android:exported="false"
88-->src\main\AndroidManifest.xml:76:13-37
89            android:screenOrientation="landscape" />
89-->src\main\AndroidManifest.xml:77:13-50
90        <activity
90-->src\main\AndroidManifest.xml:78:9-81:53
91            android:name="com.c.belajarmatematika.Kuis3.ResultKecepatan1Activity"
91-->src\main\AndroidManifest.xml:79:13-59
92            android:exported="false"
92-->src\main\AndroidManifest.xml:80:13-37
93            android:screenOrientation="landscape" />
93-->src\main\AndroidManifest.xml:81:13-50
94        <activity
94-->src\main\AndroidManifest.xml:82:9-85:53
95            android:name="com.c.belajarmatematika.Kuis3.KuisKecepatan1Activity"
95-->src\main\AndroidManifest.xml:83:13-57
96            android:exported="false"
96-->src\main\AndroidManifest.xml:84:13-37
97            android:screenOrientation="landscape" />
97-->src\main\AndroidManifest.xml:85:13-50
98        <activity
98-->src\main\AndroidManifest.xml:86:9-89:53
99            android:name="com.c.belajarmatematika.Kuis3.Skuis3Activity"
99-->src\main\AndroidManifest.xml:87:13-49
100            android:exported="false"
100-->src\main\AndroidManifest.xml:88:13-37
101            android:screenOrientation="landscape" />
101-->src\main\AndroidManifest.xml:89:13-50
102        <activity
102-->src\main\AndroidManifest.xml:90:9-93:53
103            android:name="com.c.belajarmatematika.kuis2.ResultOperasi2Activity"
103-->src\main\AndroidManifest.xml:91:13-57
104            android:exported="false"
104-->src\main\AndroidManifest.xml:92:13-37
105            android:screenOrientation="landscape" />
105-->src\main\AndroidManifest.xml:93:13-50
106        <activity
106-->src\main\AndroidManifest.xml:94:9-97:53
107            android:name="com.c.belajarmatematika.kuis2.KuisOperasi2Activity"
107-->src\main\AndroidManifest.xml:95:13-55
108            android:exported="false"
108-->src\main\AndroidManifest.xml:96:13-37
109            android:screenOrientation="landscape" />
109-->src\main\AndroidManifest.xml:97:13-50
110        <activity
110-->src\main\AndroidManifest.xml:98:9-101:53
111            android:name="com.c.belajarmatematika.kuis2.Skuis2Activity"
111-->src\main\AndroidManifest.xml:99:13-49
112            android:exported="false"
112-->src\main\AndroidManifest.xml:100:13-37
113            android:screenOrientation="landscape" />
113-->src\main\AndroidManifest.xml:101:13-50
114        <activity
114-->src\main\AndroidManifest.xml:102:9-105:53
115            android:name="com.c.belajarmatematika.Kuis.Skuis1Activity"
115-->src\main\AndroidManifest.xml:103:13-48
116            android:exported="false"
116-->src\main\AndroidManifest.xml:104:13-37
117            android:screenOrientation="landscape" />
117-->src\main\AndroidManifest.xml:105:13-50
118        <activity
118-->src\main\AndroidManifest.xml:106:9-109:53
119            android:name="com.c.belajarmatematika.matematika.KuisActivity"
119-->src\main\AndroidManifest.xml:107:13-52
120            android:exported="false"
120-->src\main\AndroidManifest.xml:108:13-37
121            android:screenOrientation="landscape" />
121-->src\main\AndroidManifest.xml:109:13-50
122        <activity
122-->src\main\AndroidManifest.xml:110:9-113:53
123            android:name="com.c.belajarmatematika.Kuis.ResultOperasiActivity"
123-->src\main\AndroidManifest.xml:111:13-55
124            android:exported="false"
124-->src\main\AndroidManifest.xml:112:13-37
125            android:screenOrientation="landscape" />
125-->src\main\AndroidManifest.xml:113:13-50
126        <activity
126-->src\main\AndroidManifest.xml:114:9-117:53
127            android:name="com.c.belajarmatematika.Kuis.KuizOperasiActivity"
127-->src\main\AndroidManifest.xml:115:13-53
128            android:exported="false"
128-->src\main\AndroidManifest.xml:116:13-37
129            android:screenOrientation="landscape" />
129-->src\main\AndroidManifest.xml:117:13-50
130        <activity
130-->src\main\AndroidManifest.xml:118:9-121:53
131            android:name="com.c.belajarmatematika.bilanganBulat.BilanganBulatActivity"
131-->src\main\AndroidManifest.xml:119:13-64
132            android:exported="false"
132-->src\main\AndroidManifest.xml:120:13-37
133            android:screenOrientation="landscape" />
133-->src\main\AndroidManifest.xml:121:13-50
134        <activity
134-->src\main\AndroidManifest.xml:122:9-125:53
135            android:name="com.c.belajarmatematika.matematika.MateriActivity"
135-->src\main\AndroidManifest.xml:123:13-54
136            android:exported="false"
136-->src\main\AndroidManifest.xml:124:13-37
137            android:screenOrientation="landscape" />
137-->src\main\AndroidManifest.xml:125:13-50
138        <activity
138-->src\main\AndroidManifest.xml:126:9-129:58
139            android:name="com.c.belajarmatematika.activities.ChatActivity"
139-->src\main\AndroidManifest.xml:127:13-52
140            android:exported="false"
140-->src\main\AndroidManifest.xml:128:13-37
141            android:windowSoftInputMode="adjustResize" />
141-->src\main\AndroidManifest.xml:129:13-55
142        <activity
142-->src\main\AndroidManifest.xml:130:9-132:40
143            android:name="com.c.belajarmatematika.activities.UsersActivity"
143-->src\main\AndroidManifest.xml:131:13-53
144            android:exported="false" />
144-->src\main\AndroidManifest.xml:132:13-37
145        <activity
145-->src\main\AndroidManifest.xml:133:9-136:53
146            android:name="com.c.belajarmatematika.matematika.MenuActivity"
146-->src\main\AndroidManifest.xml:134:13-52
147            android:exported="false"
147-->src\main\AndroidManifest.xml:135:13-37
148            android:screenOrientation="landscape" />
148-->src\main\AndroidManifest.xml:136:13-50
149        <activity
149-->src\main\AndroidManifest.xml:137:9-140:58
150            android:name="com.c.belajarmatematika.activities.SignUpActivity"
150-->src\main\AndroidManifest.xml:138:13-54
151            android:exported="false"
151-->src\main\AndroidManifest.xml:139:13-37
152            android:windowSoftInputMode="adjustResize" />
152-->src\main\AndroidManifest.xml:140:13-55
153        <activity
153-->src\main\AndroidManifest.xml:141:9-150:20
154            android:name="com.c.belajarmatematika.activities.SignInActivity"
154-->src\main\AndroidManifest.xml:142:13-54
155            android:exported="true"
155-->src\main\AndroidManifest.xml:143:13-36
156            android:windowSoftInputMode="adjustResize" >
156-->src\main\AndroidManifest.xml:144:13-55
157            <intent-filter>
157-->src\main\AndroidManifest.xml:145:13-149:29
158                <action android:name="android.intent.action.MAIN" />
158-->src\main\AndroidManifest.xml:146:17-69
158-->src\main\AndroidManifest.xml:146:25-66
159
160                <category android:name="android.intent.category.LAUNCHER" />
160-->src\main\AndroidManifest.xml:148:17-77
160-->src\main\AndroidManifest.xml:148:27-74
161            </intent-filter>
162        </activity>
163        <activity
163-->src\main\AndroidManifest.xml:151:9-153:40
164            android:name="com.c.belajarmatematika.activities.MainActivity"
164-->src\main\AndroidManifest.xml:152:13-52
165            android:exported="false" />
165-->src\main\AndroidManifest.xml:153:13-37
166
167        <service
167-->src\main\AndroidManifest.xml:155:9-161:19
168            android:name="com.c.belajarmatematika.firebase.MessagingService"
168-->src\main\AndroidManifest.xml:156:13-54
169            android:exported="false" >
169-->src\main\AndroidManifest.xml:157:13-37
170            <intent-filter>
170-->src\main\AndroidManifest.xml:158:13-160:29
171                <action android:name="com.google.firebase.MESSAGING_EVENT" />
171-->src\main\AndroidManifest.xml:159:17-78
171-->src\main\AndroidManifest.xml:159:25-75
172            </intent-filter>
173        </service>
174
175        <receiver
175-->[com.google.firebase:firebase-messaging:23.0.2] AndroidManifest.xml:31:9-38:20
176            android:name="com.google.firebase.iid.FirebaseInstanceIdReceiver"
176-->[com.google.firebase:firebase-messaging:23.0.2] AndroidManifest.xml:32:13-78
177            android:exported="true"
177-->[com.google.firebase:firebase-messaging:23.0.2] AndroidManifest.xml:33:13-36
178            android:permission="com.google.android.c2dm.permission.SEND" >
178-->[com.google.firebase:firebase-messaging:23.0.2] AndroidManifest.xml:34:13-73
179            <intent-filter>
179-->[com.google.firebase:firebase-messaging:23.0.2] AndroidManifest.xml:35:13-37:29
180                <action android:name="com.google.android.c2dm.intent.RECEIVE" />
180-->[com.google.firebase:firebase-messaging:23.0.2] AndroidManifest.xml:36:17-81
180-->[com.google.firebase:firebase-messaging:23.0.2] AndroidManifest.xml:36:25-78
181            </intent-filter>
182        </receiver>
183        <!--
184             FirebaseMessagingService performs security checks at runtime,
185             but set to not exported to explicitly avoid allowing another app to call it.
186        -->
187        <service
187-->[com.google.firebase:firebase-messaging:23.0.2] AndroidManifest.xml:44:9-51:19
188            android:name="com.google.firebase.messaging.FirebaseMessagingService"
188-->[com.google.firebase:firebase-messaging:23.0.2] AndroidManifest.xml:45:13-82
189            android:directBootAware="true"
189-->[com.google.firebase:firebase-messaging:23.0.2] AndroidManifest.xml:46:13-43
190            android:exported="false" >
190-->[com.google.firebase:firebase-messaging:23.0.2] AndroidManifest.xml:47:13-37
191            <intent-filter android:priority="-500" >
191-->src\main\AndroidManifest.xml:158:13-160:29
192                <action android:name="com.google.firebase.MESSAGING_EVENT" />
192-->src\main\AndroidManifest.xml:159:17-78
192-->src\main\AndroidManifest.xml:159:25-75
193            </intent-filter>
194        </service>
195        <service
195-->[com.google.firebase:firebase-messaging:23.0.2] AndroidManifest.xml:52:9-58:19
196            android:name="com.google.firebase.components.ComponentDiscoveryService"
196-->[com.google.firebase:firebase-messaging:23.0.2] AndroidManifest.xml:53:13-84
197            android:directBootAware="true"
197-->[com.google.firebase:firebase-common:20.1.0] AndroidManifest.xml:35:13-43
198            android:exported="false" >
198-->[com.google.firebase:firebase-messaging:23.0.2] AndroidManifest.xml:54:13-37
199            <meta-data
199-->[com.google.firebase:firebase-messaging:23.0.2] AndroidManifest.xml:55:13-57:85
200                android:name="com.google.firebase.components:com.google.firebase.messaging.FirebaseMessagingRegistrar"
200-->[com.google.firebase:firebase-messaging:23.0.2] AndroidManifest.xml:56:17-119
201                android:value="com.google.firebase.components.ComponentRegistrar" />
201-->[com.google.firebase:firebase-messaging:23.0.2] AndroidManifest.xml:57:17-82
202            <meta-data
202-->[com.google.firebase:firebase-firestore:24.1.0] AndroidManifest.xml:20:13-22:85
203                android:name="com.google.firebase.components:com.google.firebase.firestore.FirestoreRegistrar"
203-->[com.google.firebase:firebase-firestore:24.1.0] AndroidManifest.xml:21:17-111
204                android:value="com.google.firebase.components.ComponentRegistrar" />
204-->[com.google.firebase:firebase-firestore:24.1.0] AndroidManifest.xml:22:17-82
205            <meta-data
205-->[com.google.firebase:firebase-datatransport:18.1.1] AndroidManifest.xml:28:13-30:85
206                android:name="com.google.firebase.components:com.google.firebase.datatransport.TransportRegistrar"
206-->[com.google.firebase:firebase-datatransport:18.1.1] AndroidManifest.xml:29:17-115
207                android:value="com.google.firebase.components.ComponentRegistrar" />
207-->[com.google.firebase:firebase-datatransport:18.1.1] AndroidManifest.xml:30:17-82
208            <meta-data
208-->[com.google.firebase:firebase-installations:17.0.1] AndroidManifest.xml:18:13-20:85
209                android:name="com.google.firebase.components:com.google.firebase.installations.FirebaseInstallationsRegistrar"
209-->[com.google.firebase:firebase-installations:17.0.1] AndroidManifest.xml:19:17-127
210                android:value="com.google.firebase.components.ComponentRegistrar" />
210-->[com.google.firebase:firebase-installations:17.0.1] AndroidManifest.xml:20:17-82
211        </service>
212
213        <activity
213-->[com.google.android.gms:play-services-base:18.0.1] AndroidManifest.xml:20:9-22:45
214            android:name="com.google.android.gms.common.api.GoogleApiActivity"
214-->[com.google.android.gms:play-services-base:18.0.1] AndroidManifest.xml:20:19-85
215            android:exported="false"
215-->[com.google.android.gms:play-services-base:18.0.1] AndroidManifest.xml:22:19-43
216            android:theme="@android:style/Theme.Translucent.NoTitleBar" />
216-->[com.google.android.gms:play-services-base:18.0.1] AndroidManifest.xml:21:19-78
217
218        <provider
218-->[com.google.firebase:firebase-common:20.1.0] AndroidManifest.xml:26:9-31:39
219            android:name="com.google.firebase.provider.FirebaseInitProvider"
219-->[com.google.firebase:firebase-common:20.1.0] AndroidManifest.xml:27:13-77
220            android:authorities="com.c.belajarmatematika.firebaseinitprovider"
220-->[com.google.firebase:firebase-common:20.1.0] AndroidManifest.xml:28:13-72
221            android:directBootAware="true"
221-->[com.google.firebase:firebase-common:20.1.0] AndroidManifest.xml:29:13-43
222            android:exported="false"
222-->[com.google.firebase:firebase-common:20.1.0] AndroidManifest.xml:30:13-37
223            android:initOrder="100" />
223-->[com.google.firebase:firebase-common:20.1.0] AndroidManifest.xml:31:13-36
224
225        <meta-data
225-->[com.google.android.gms:play-services-basement:18.0.0] AndroidManifest.xml:21:9-23:69
226            android:name="com.google.android.gms.version"
226-->[com.google.android.gms:play-services-basement:18.0.0] AndroidManifest.xml:22:13-58
227            android:value="@integer/google_play_services_version" />
227-->[com.google.android.gms:play-services-basement:18.0.0] AndroidManifest.xml:23:13-66
228
229        <provider
229-->[androidx.emoji2:emoji2:1.0.0] AndroidManifest.xml:26:9-34:20
230            android:name="androidx.startup.InitializationProvider"
230-->[androidx.emoji2:emoji2:1.0.0] AndroidManifest.xml:27:13-67
231            android:authorities="com.c.belajarmatematika.androidx-startup"
231-->[androidx.emoji2:emoji2:1.0.0] AndroidManifest.xml:28:13-68
232            android:exported="false" >
232-->[androidx.emoji2:emoji2:1.0.0] AndroidManifest.xml:29:13-37
233            <meta-data
233-->[androidx.emoji2:emoji2:1.0.0] AndroidManifest.xml:31:13-33:52
234                android:name="androidx.emoji2.text.EmojiCompatInitializer"
234-->[androidx.emoji2:emoji2:1.0.0] AndroidManifest.xml:32:17-75
235                android:value="androidx.startup" />
235-->[androidx.emoji2:emoji2:1.0.0] AndroidManifest.xml:33:17-49
236            <meta-data
236-->[androidx.lifecycle:lifecycle-process:2.4.0] AndroidManifest.xml:31:13-33:52
237                android:name="androidx.lifecycle.ProcessLifecycleInitializer"
237-->[androidx.lifecycle:lifecycle-process:2.4.0] AndroidManifest.xml:32:17-78
238                android:value="androidx.startup" />
238-->[androidx.lifecycle:lifecycle-process:2.4.0] AndroidManifest.xml:33:17-49
239        </provider>
240
241        <service
241-->[com.google.android.datatransport:transport-backend-cct:3.1.2] AndroidManifest.xml:29:9-35:19
242            android:name="com.google.android.datatransport.runtime.backends.TransportBackendDiscovery"
242-->[com.google.android.datatransport:transport-backend-cct:3.1.2] AndroidManifest.xml:30:13-103
243            android:exported="false" >
243-->[com.google.android.datatransport:transport-backend-cct:3.1.2] AndroidManifest.xml:31:13-37
244            <meta-data
244-->[com.google.android.datatransport:transport-backend-cct:3.1.2] AndroidManifest.xml:32:13-34:39
245                android:name="backend:com.google.android.datatransport.cct.CctBackendFactory"
245-->[com.google.android.datatransport:transport-backend-cct:3.1.2] AndroidManifest.xml:33:17-94
246                android:value="cct" />
246-->[com.google.android.datatransport:transport-backend-cct:3.1.2] AndroidManifest.xml:34:17-36
247        </service>
248        <service
248-->[com.google.android.datatransport:transport-runtime:3.1.2] AndroidManifest.xml:26:9-30:19
249            android:name="com.google.android.datatransport.runtime.scheduling.jobscheduling.JobInfoSchedulerService"
249-->[com.google.android.datatransport:transport-runtime:3.1.2] AndroidManifest.xml:27:13-117
250            android:exported="false"
250-->[com.google.android.datatransport:transport-runtime:3.1.2] AndroidManifest.xml:28:13-37
251            android:permission="android.permission.BIND_JOB_SERVICE" >
251-->[com.google.android.datatransport:transport-runtime:3.1.2] AndroidManifest.xml:29:13-69
252        </service>
253
254        <receiver
254-->[com.google.android.datatransport:transport-runtime:3.1.2] AndroidManifest.xml:32:9-34:40
255            android:name="com.google.android.datatransport.runtime.scheduling.jobscheduling.AlarmManagerSchedulerBroadcastReceiver"
255-->[com.google.android.datatransport:transport-runtime:3.1.2] AndroidManifest.xml:33:13-132
256            android:exported="false" />
256-->[com.google.android.datatransport:transport-runtime:3.1.2] AndroidManifest.xml:34:13-37
257    </application>
258
259</manifest>